+ unset _mlshdbg
+ '[' 0 = 1 ']'
+ export MODULES_RUN_QUARANTINE=LD_LIBRARY_PATH
+ MODULES_RUN_QUARANTINE=LD_LIBRARY_PATH
+ unset _mlre _mlIFS
+ '[' -n x ']'
+ _mlIFS=' 	
'
+ IFS=' '
+ for _mlv in ${MODULES_RUN_QUARANTINE:-}
+ '[' LD_LIBRARY_PATH = LD_LIBRARY_PATH -a LD_LIBRARY_PATH = LD_LIBRARY_PATH ']'
++ eval 'echo ${LD_LIBRARY_PATH+x}'
+++ echo
+ '[' -n '' ']'
+ _mlrv=MODULES_RUNENV_LD_LIBRARY_PATH
++ eval 'echo ${MODULES_RUNENV_LD_LIBRARY_PATH:-}'
+++ echo
+ _mlre='LD_LIBRARY_PATH='\'''\'' '
+ '[' -n 'LD_LIBRARY_PATH='\'''\'' ' ']'
+ _mlre='eval LD_LIBRARY_PATH='\'''\'' '
++ eval 'LD_LIBRARY_PATH='\'''\''' /usr/bin/tclsh /usr/share/Modules/libexec/modulecmd.tcl bash autoinit
+++ LD_LIBRARY_PATH=
+++ /usr/bin/tclsh /usr/share/Modules/libexec/modulecmd.tcl bash autoinit
+ _mlcode='module() {
   unset _mlshdbg;
   if [ "${MODULES_SILENT_SHELL_DEBUG:-0}" = '\''1'\'' ]; then
      case "$-" in
         *v*x*) set +vx; _mlshdbg='\''vx'\'' ;;
         *v*) set +v; _mlshdbg='\''v'\'' ;;
         *x*) set +x; _mlshdbg='\''x'\'' ;;
         *) _mlshdbg='\'''\'' ;;
      esac;
   fi;
   unset _mlre _mlIFS;
   if [ -n "${IFS+x}" ]; then
      _mlIFS=$IFS;
   fi;
   IFS='\'' '\'';
   for _mlv in ${MODULES_RUN_QUARANTINE:-}; do
      if [ "${_mlv}" = "${_mlv##*[!A-Za-z0-9_]}" -a "${_mlv}" = "${_mlv#[0-9]}" ]; then
         if [ -n "`eval '\''echo ${'\''$_mlv'\''+x}'\''`" ]; then
            _mlre="${_mlre:-}${_mlv}_modquar='\''`eval '\''echo ${'\''$_mlv'\''}'\''`'\'' ";
         fi;
         _mlrv="MODULES_RUNENV_${_mlv}";
         _mlre="${_mlre:-}${_mlv}='\''`eval '\''echo ${'\''$_mlrv'\'':-}'\''`'\'' ";
      fi;
   done;
   if [ -n "${_mlre:-}" ]; then
      eval `eval ${_mlre}/usr/bin/tclsh /usr/share/Modules/libexec/modulecmd.tcl bash '\''"$@"'\''`;
   else
      eval `/usr/bin/tclsh /usr/share/Modules/libexec/modulecmd.tcl bash "$@"`;
   fi;
   _mlstatus=$?;
   if [ -n "${_mlIFS+x}" ]; then
      IFS=$_mlIFS;
   else
      unset IFS;
   fi;
   unset _mlre _mlv _mlrv _mlIFS;
   if [ -n "${_mlshdbg:-}" ]; then
      set -$_mlshdbg;
   fi;
   unset _mlshdbg;
   return $_mlstatus;
};
MODULES_CMD=/usr/share/Modules/libexec/modulecmd.tcl; export MODULES_CMD;
MODULESHOME=/usr/share/Modules; export MODULESHOME;
test 0;'
+ _mlret=0
+ '[' -n x ']'
+ IFS=' 	
'
+ unset _mlIFS
+ unset _mlre _mlv _mlrv
+ '[' 0 -eq 0 ']'
+ eval 'module() {
   unset _mlshdbg;
   if [ "${MODULES_SILENT_SHELL_DEBUG:-0}" = '\''1'\'' ]; then
      case "$-" in
         *v*x*) set +vx; _mlshdbg='\''vx'\'' ;;
         *v*) set +v; _mlshdbg='\''v'\'' ;;
         *x*) set +x; _mlshdbg='\''x'\'' ;;
         *) _mlshdbg='\'''\'' ;;
      esac;
   fi;
   unset _mlre _mlIFS;
   if [ -n "${IFS+x}" ]; then
      _mlIFS=$IFS;
   fi;
   IFS='\'' '\'';
   for _mlv in ${MODULES_RUN_QUARANTINE:-}; do
      if [ "${_mlv}" = "${_mlv##*[!A-Za-z0-9_]}" -a "${_mlv}" = "${_mlv#[0-9]}" ]; then
         if [ -n "`eval '\''echo ${'\''$_mlv'\''+x}'\''`" ]; then
            _mlre="${_mlre:-}${_mlv}_modquar='\''`eval '\''echo ${'\''$_mlv'\''}'\''`'\'' ";
         fi;
         _mlrv="MODULES_RUNENV_${_mlv}";
         _mlre="${_mlre:-}${_mlv}='\''`eval '\''echo ${'\''$_mlrv'\'':-}'\''`'\'' ";
      fi;
   done;
   if [ -n "${_mlre:-}" ]; then
      eval `eval ${_mlre}/usr/bin/tclsh /usr/share/Modules/libexec/modulecmd.tcl bash '\''"$@"'\''`;
   else
      eval `/usr/bin/tclsh /usr/share/Modules/libexec/modulecmd.tcl bash "$@"`;
   fi;
   _mlstatus=$?;
   if [ -n "${_mlIFS+x}" ]; then
      IFS=$_mlIFS;
   else
      unset IFS;
   fi;
   unset _mlre _mlv _mlrv _mlIFS;
   if [ -n "${_mlshdbg:-}" ]; then
      set -$_mlshdbg;
   fi;
   unset _mlshdbg;
   return $_mlstatus;
};
MODULES_CMD=/usr/share/Modules/libexec/modulecmd.tcl; export MODULES_CMD;
MODULESHOME=/usr/share/Modules; export MODULESHOME;
test 0;'
++ MODULES_CMD=/usr/share/Modules/libexec/modulecmd.tcl
++ export MODULES_CMD
++ MODULESHOME=/usr/share/Modules
++ export MODULESHOME
++ test 0
+ '[' 0 = 1 ']'
+ '[' -t 2 ']'
+ export -f module
+ export -f switchml
+ ENV=/usr/share/Modules/init/profile.sh
+ export ENV
+ BASH_ENV=/usr/share/Modules/init/bash
+ export BASH_ENV
+ '[' 4 -ge 3 ']'
+ [[ hxB =~ i ]]
+ [[ ! :/usr/libexec/python3-sphinx:/usr/share/Modules/bin:/usr/lib64/ccache:/usr/local/bin:/usr/bin:/usr/local/sbin:/usr/sbin:/var/lib/snapd/snap/bin:/cs/student/jingxiang/bin: =~ :/usr/share/Modules/bin: ]]
+ '[' '!' -n x ']'
++ manpath
+ [[ ! :/usr/local/share/man:/usr/share/man:: =~ :/usr/share/man: ]]
+ unset _mlcode _mlret
+ '[' -n '' ']'
+ java -jar gobang-baseline.jar -d 2 -n 11
Size: 11, depth: 2
     a   b   c   d   e   f   g   h   i   j   k
   +---+---+---+---+---+---+---+---+---+---+---+
 1 |   |   |   |   |   |   |   |   |   |   |   |
   +---+---+---+---+---+---+---+---+---+---+---+
 2 |   |   |   |   |   |   |   |   |   |   |   |
   +---+---+---+---+---+---+---+---+---+---+---+
 3 |   |   |   |   |   |   |   |   |   |   |   |
   +---+---+---+---+---+---+---+---+---+---+---+
 4 |   |   |   |   |   |   |   |   |   |   |   |
   +---+---+---+---+---+---+---+---+---+---+---+
 5 |   |   |   |   |   |   |   |   |   |   |   |
   +---+---+---+---+---+---+---+---+---+---+---+
 6 |   |   |   |   |   |   |   |   |   |   |   |
   +---+---+---+---+---+---+---+---+---+---+---+
 7 |   |   |   |   |   |   |   |   |   |   |   |
   +---+---+---+---+---+---+---+---+---+---+---+
 8 |   |   |   |   |   |   |   |   |   |   |   |
   +---+---+---+---+---+---+---+---+---+---+---+
 9 |   |   |   |   |   |   |   |   |   |   |   |
   +---+---+---+---+---+---+---+---+---+---+---+
10 |   |   |   |   |   |   |   |   |   |   |   |
   +---+---+---+---+---+---+---+---+---+---+---+
11 |   |   |   |   |   |   |   |   |   |   |   |
   +---+---+---+---+---+---+---+---+---+---+---+
Move played: --
Dark player (human) plays now
>      a   b   c   d   e   f   g   h   i   j   k
   +---+---+---+---+---+---+---+---+---+---+---+
 1 |   |   |   |   |   |   |   |   |   |   |   |
   +---+---+---+---+---+---+---+---+---+---+---+
 2 |   |   |   |   |   |   |   |   |   |   |   |
   +---+---+---+---+---+---+---+---+---+---+---+
 3 |   |   |   |   |   |   |   |   |   |   |   |
   +---+---+---+---+---+---+---+---+---+---+---+
 4 |   |   |   |   |   |   |   |   |   |   |   |
   +---+---+---+---+---+---+---+---+---+---+---+
 5 |   |   |   |   |   |   |   |   |   |   |   |
   +---+---+---+---+---+---+---+---+---+---+---+
 6 |   |   |   |   |   |   |   |   |   |   |   |
   +---+---+---+---+---+---+---+---+---+---+---+
 7 |   |   |   |   |   |   | D |   |   |   |   |
   +---+---+---+---+---+---+---+---+---+---+---+
 8 |   |   |   |   |   |   |   |   |   |   |   |
   +---+---+---+---+---+---+---+---+---+---+---+
 9 |   |   |   |   |   |   |   |   |   |   |   |
   +---+---+---+---+---+---+---+---+---+---+---+
10 |   |   |   |   |   |   |   |   |   |   |   |
   +---+---+---+---+---+---+---+---+---+---+---+
11 |   |   |   |   |   |   |   |   |   |   |   |
   +---+---+---+---+---+---+---+---+---+---+---+
Move played: g7
Light player (COM) plays now
Light player (COM) is calculating its next move... (this might take up to 30 seconds)
     a   b   c   d   e   f   g   h   i   j   k
   +---+---+---+---+---+---+---+---+---+---+---+
 1 |   |   |   |   |   |   |   |   |   |   |   |
   +---+---+---+---+---+---+---+---+---+---+---+
 2 |   |   |   |   |   |   |   |   |   |   |   |
   +---+---+---+---+---+---+---+---+---+---+---+
 3 |   |   |   |   |   |   |   |   |   |   |   |
   +---+---+---+---+---+---+---+---+---+---+---+
 4 |   |   |   |   |   |   |   |   |   |   |   |
   +---+---+---+---+---+---+---+---+---+---+---+
 5 |   |   |   |   |   |   |   |   |   | L |   |
   +---+---+---+---+---+---+---+---+---+---+---+
 6 |   |   |   |   |   |   |   |   |   |   |   |
   +---+---+---+---+---+---+---+---+---+---+---+
 7 |   |   |   |   |   |   | D |   |   |   |   |
   +---+---+---+---+---+---+---+---+---+---+---+
 8 |   |   |   |   |   |   |   |   |   |   |   |
   +---+---+---+---+---+---+---+---+---+---+---+
 9 |   |   |   |   |   |   |   |   |   |   |   |
   +---+---+---+---+---+---+---+---+---+---+---+
10 |   |   |   |   |   |   |   |   |   |   |   |
   +---+---+---+---+---+---+---+---+---+---+---+
11 |   |   |   |   |   |   |   |   |   |   |   |
   +---+---+---+---+---+---+---+---+---+---+---+
Move played: j5
Dark player (human) plays now
>      a   b   c   d   e   f   g   h   i   j   k
   +---+---+---+---+---+---+---+---+---+---+---+
 1 |   |   |   |   |   |   |   |   |   |   |   |
   +---+---+---+---+---+---+---+---+---+---+---+
 2 |   |   |   |   |   |   |   |   |   |   |   |
   +---+---+---+---+---+---+---+---+---+---+---+
 3 |   |   |   |   |   |   |   |   |   |   |   |
   +---+---+---+---+---+---+---+---+---+---+---+
 4 |   |   |   |   |   |   |   |   |   |   |   |
   +---+---+---+---+---+---+---+---+---+---+---+
 5 |   |   |   |   |   |   |   |   |   | L |   |
   +---+---+---+---+---+---+---+---+---+---+---+
 6 |   |   |   |   |   | D |   |   |   |   |   |
   +---+---+---+---+---+---+---+---+---+---+---+
 7 |   |   |   |   |   |   | D |   |   |   |   |
   +---+---+---+---+---+---+---+---+---+---+---+
 8 |   |   |   |   |   |   |   |   |   |   |   |
   +---+---+---+---+---+---+---+---+---+---+---+
 9 |   |   |   |   |   |   |   |   |   |   |   |
   +---+---+---+---+---+---+---+---+---+---+---+
10 |   |   |   |   |   |   |   |   |   |   |   |
   +---+---+---+---+---+---+---+---+---+---+---+
11 |   |   |   |   |   |   |   |   |   |   |   |
   +---+---+---+---+---+---+---+---+---+---+---+
Move played: f6
Light player (COM) plays now
Light player (COM) is calculating its next move... (this might take up to 30 seconds)
     a   b   c   d   e   f   g   h   i   j   k
   +---+---+---+---+---+---+---+---+---+---+---+
 1 |   |   |   |   |   |   |   |   |   |   |   |
   +---+---+---+---+---+---+---+---+---+---+---+
 2 |   |   |   |   |   |   |   |   |   |   |   |
   +---+---+---+---+---+---+---+---+---+---+---+
 3 |   |   |   |   |   |   |   |   |   |   |   |
   +---+---+---+---+---+---+---+---+---+---+---+
 4 |   |   |   | L |   |   |   |   |   |   |   |
   +---+---+---+---+---+---+---+---+---+---+---+
 5 |   |   |   |   |   |   |   |   |   | L |   |
   +---+---+---+---+---+---+---+---+---+---+---+
 6 |   |   |   |   |   | D |   |   |   |   |   |
   +---+---+---+---+---+---+---+---+---+---+---+
 7 |   |   |   |   |   |   | D |   |   |   |   |
   +---+---+---+---+---+---+---+---+---+---+---+
 8 |   |   |   |   |   |   |   |   |   |   |   |
   +---+---+---+---+---+---+---+---+---+---+---+
 9 |   |   |   |   |   |   |   |   |   |   |   |
   +---+---+---+---+---+---+---+---+---+---+---+
10 |   |   |   |   |   |   |   |   |   |   |   |
   +---+---+---+---+---+---+---+---+---+---+---+
11 |   |   |   |   |   |   |   |   |   |   |   |
   +---+---+---+---+---+---+---+---+---+---+---+
Move played: d4
Dark player (human) plays now
>      a   b   c   d   e   f   g   h   i   j   k
   +---+---+---+---+---+---+---+---+---+---+---+
 1 |   |   |   |   |   |   |   |   |   |   |   |
   +---+---+---+---+---+---+---+---+---+---+---+
 2 |   |   |   |   |   |   |   |   |   |   |   |
   +---+---+---+---+---+---+---+---+---+---+---+
 3 |   |   |   |   |   |   |   |   |   |   |   |
   +---+---+---+---+---+---+---+---+---+---+---+
 4 |   |   |   | L |   |   |   |   |   |   |   |
   +---+---+---+---+---+---+---+---+---+---+---+
 5 |   |   |   |   |   |   |   |   |   | L |   |
   +---+---+---+---+---+---+---+---+---+---+---+
 6 |   |   |   |   |   | D |   |   |   |   |   |
   +---+---+---+---+---+---+---+---+---+---+---+
 7 |   |   |   |   |   |   | D |   |   |   |   |
   +---+---+---+---+---+---+---+---+---+---+---+
 8 |   |   |   |   |   |   |   | D |   |   |   |
   +---+---+---+---+---+---+---+---+---+---+---+
 9 |   |   |   |   |   |   |   |   |   |   |   |
   +---+---+---+---+---+---+---+---+---+---+---+
10 |   |   |   |   |   |   |   |   |   |   |   |
   +---+---+---+---+---+---+---+---+---+---+---+
11 |   |   |   |   |   |   |   |   |   |   |   |
   +---+---+---+---+---+---+---+---+---+---+---+
Move played: h8
Light player (COM) plays now
Light player (COM) is calculating its next move... (this might take up to 30 seconds)
     a   b   c   d   e   f   g   h   i   j   k
   +---+---+---+---+---+---+---+---+---+---+---+
 1 |   |   |   |   |   |   |   |   |   |   |   |
   +---+---+---+---+---+---+---+---+---+---+---+
 2 |   |   |   |   |   |   |   |   |   |   |   |
   +---+---+---+---+---+---+---+---+---+---+---+
 3 |   |   |   |   |   |   |   |   |   |   |   |
   +---+---+---+---+---+---+---+---+---+---+---+
 4 |   |   |   | L |   |   |   |   |   |   |   |
   +---+---+---+---+---+---+---+---+---+---+---+
 5 |   |   |   |   |   |   |   |   |   | L |   |
   +---+---+---+---+---+---+---+---+---+---+---+
 6 |   |   |   |   |   | D |   |   |   |   |   |
   +---+---+---+---+---+---+---+---+---+---+---+
 7 |   |   |   |   |   |   | D |   |   |   |   |
   +---+---+---+---+---+---+---+---+---+---+---+
 8 |   |   |   |   |   |   |   | D |   |   |   |
   +---+---+---+---+---+---+---+---+---+---+---+
 9 |   |   |   |   |   |   |   |   | L |   |   |
   +---+---+---+---+---+---+---+---+---+---+---+
10 |   |   |   |   |   |   |   |   |   |   |   |
   +---+---+---+---+---+---+---+---+---+---+---+
11 |   |   |   |   |   |   |   |   |   |   |   |
   +---+---+---+---+---+---+---+---+---+---+---+
Move played: i9
Dark player (human) plays now
>      a   b   c   d   e   f   g   h   i   j   k
   +---+---+---+---+---+---+---+---+---+---+---+
 1 |   |   |   |   |   |   |   |   |   |   |   |
   +---+---+---+---+---+---+---+---+---+---+---+
 2 |   |   |   |   |   |   |   |   |   |   |   |
   +---+---+---+---+---+---+---+---+---+---+---+
 3 |   |   |   |   |   |   |   |   |   |   |   |
   +---+---+---+---+---+---+---+---+---+---+---+
 4 |   |   |   | L |   |   |   |   |   |   |   |
   +---+---+---+---+---+---+---+---+---+---+---+
 5 |   |   |   |   |   |   |   |   |   | L |   |
   +---+---+---+---+---+---+---+---+---+---+---+
 6 |   |   |   |   |   | D |   | D |   |   |   |
   +---+---+---+---+---+---+---+---+---+---+---+
 7 |   |   |   |   |   |   | D |   |   |   |   |
   +---+---+---+---+---+---+---+---+---+---+---+
 8 |   |   |   |   |   |   |   | D |   |   |   |
   +---+---+---+---+---+---+---+---+---+---+---+
 9 |   |   |   |   |   |   |   |   | L |   |   |
   +---+---+---+---+---+---+---+---+---+---+---+
10 |   |   |   |   |   |   |   |   |   |   |   |
   +---+---+---+---+---+---+---+---+---+---+---+
11 |   |   |   |   |   |   |   |   |   |   |   |
   +---+---+---+---+---+---+---+---+---+---+---+
Move played: h6
Light player (COM) plays now
Light player (COM) is calculating its next move... (this might take up to 30 seconds)
     a   b   c   d   e   f   g   h   i   j   k
   +---+---+---+---+---+---+---+---+---+---+---+
 1 |   |   |   |   |   |   |   |   |   |   |   |
   +---+---+---+---+---+---+---+---+---+---+---+
 2 |   |   |   |   |   |   |   |   |   |   |   |
   +---+---+---+---+---+---+---+---+---+---+---+
 3 |   |   |   |   |   |   |   |   |   |   |   |
   +---+---+---+---+---+---+---+---+---+---+---+
 4 |   |   |   | L |   |   |   |   |   | L |   |
   +---+---+---+---+---+---+---+---+---+---+---+
 5 |   |   |   |   |   |   |   |   |   | L |   |
   +---+---+---+---+---+---+---+---+---+---+---+
 6 |   |   |   |   |   | D |   | D |   |   |   |
   +---+---+---+---+---+---+---+---+---+---+---+
 7 |   |   |   |   |   |   | D |   |   |   |   |
   +---+---+---+---+---+---+---+---+---+---+---+
 8 |   |   |   |   |   |   |   | D |   |   |   |
   +---+---+---+---+---+---+---+---+---+---+---+
 9 |   |   |   |   |   |   |   |   | L |   |   |
   +---+---+---+---+---+---+---+---+---+---+---+
10 |   |   |   |   |   |   |   |   |   |   |   |
   +---+---+---+---+---+---+---+---+---+---+---+
11 |   |   |   |   |   |   |   |   |   |   |   |
   +---+---+---+---+---+---+---+---+---+---+---+
Move played: j4
Dark player (human) plays now
>      a   b   c   d   e   f   g   h   i   j   k
   +---+---+---+---+---+---+---+---+---+---+---+
 1 |   |   |   |   |   |   |   |   |   |   |   |
   +---+---+---+---+---+---+---+---+---+---+---+
 2 |   |   |   |   |   |   |   |   |   |   |   |
   +---+---+---+---+---+---+---+---+---+---+---+
 3 |   |   |   |   |   |   |   |   |   |   |   |
   +---+---+---+---+---+---+---+---+---+---+---+
 4 |   |   |   | L |   |   |   |   |   | L |   |
   +---+---+---+---+---+---+---+---+---+---+---+
 5 |   |   |   |   |   |   |   |   |   | L |   |
   +---+---+---+---+---+---+---+---+---+---+---+
 6 |   |   |   |   |   | D |   | D |   |   |   |
   +---+---+---+---+---+---+---+---+---+---+---+
 7 |   |   |   |   |   |   | D |   |   |   |   |
   +---+---+---+---+---+---+---+---+---+---+---+
 8 |   |   |   |   |   | D |   | D |   |   |   |
   +---+---+---+---+---+---+---+---+---+---+---+
 9 |   |   |   |   |   |   |   |   | L |   |   |
   +---+---+---+---+---+---+---+---+---+---+---+
10 |   |   |   |   |   |   |   |   |   |   |   |
   +---+---+---+---+---+---+---+---+---+---+---+
11 |   |   |   |   |   |   |   |   |   |   |   |
   +---+---+---+---+---+---+---+---+---+---+---+
Move played: f8
Light player (COM) plays now
Light player (COM) is calculating its next move... (this might take up to 30 seconds)
     a   b   c   d   e   f   g   h   i   j   k
   +---+---+---+---+---+---+---+---+---+---+---+
 1 |   |   |   |   |   |   |   |   |   |   |   |
   +---+---+---+---+---+---+---+---+---+---+---+
 2 |   |   |   |   |   |   |   |   |   |   |   |
   +---+---+---+---+---+---+---+---+---+---+---+
 3 |   |   |   |   |   |   |   |   |   |   |   |
   +---+---+---+---+---+---+---+---+---+---+---+
 4 |   |   |   | L |   |   |   |   |   | L |   |
   +---+---+---+---+---+---+---+---+---+---+---+
 5 |   |   |   |   |   |   |   |   |   | L |   |
   +---+---+---+---+---+---+---+---+---+---+---+
 6 |   |   |   |   |   | D |   | D |   |   |   |
   +---+---+---+---+---+---+---+---+---+---+---+
 7 |   |   |   |   |   |   | D |   |   |   |   |
   +---+---+---+---+---+---+---+---+---+---+---+
 8 |   |   |   |   |   | D |   | D |   |   |   |
   +---+---+---+---+---+---+---+---+---+---+---+
 9 |   |   |   |   | L |   |   |   | L |   |   |
   +---+---+---+---+---+---+---+---+---+---+---+
10 |   |   |   |   |   |   |   |   |   |   |   |
   +---+---+---+---+---+---+---+---+---+---+---+
11 |   |   |   |   |   |   |   |   |   |   |   |
   +---+---+---+---+---+---+---+---+---+---+---+
Move played: e9
Dark player (human) plays now
>      a   b   c   d   e   f   g   h   i   j   k
   +---+---+---+---+---+---+---+---+---+---+---+
 1 |   |   |   |   |   |   |   |   |   |   |   |
   +---+---+---+---+---+---+---+---+---+---+---+
 2 |   |   |   |   |   |   |   |   |   |   |   |
   +---+---+---+---+---+---+---+---+---+---+---+
 3 |   |   |   |   |   |   |   |   |   |   |   |
   +---+---+---+---+---+---+---+---+---+---+---+
 4 |   |   |   | L |   |   |   |   |   | L |   |
   +---+---+---+---+---+---+---+---+---+---+---+
 5 |   |   |   |   |   |   |   |   |   | L |   |
   +---+---+---+---+---+---+---+---+---+---+---+
 6 |   |   |   |   |   | D | D | D |   |   |   |
   +---+---+---+---+---+---+---+---+---+---+---+
 7 |   |   |   |   |   |   | D |   |   |   |   |
   +---+---+---+---+---+---+---+---+---+---+---+
 8 |   |   |   |   |   | D |   | D |   |   |   |
   +---+---+---+---+---+---+---+---+---+---+---+
 9 |   |   |   |   | L |   |   |   | L |   |   |
   +---+---+---+---+---+---+---+---+---+---+---+
10 |   |   |   |   |   |   |   |   |   |   |   |
   +---+---+---+---+---+---+---+---+---+---+---+
11 |   |   |   |   |   |   |   |   |   |   |   |
   +---+---+---+---+---+---+---+---+---+---+---+
Move played: g6
Light player (COM) plays now
Light player (COM) is calculating its next move... (this might take up to 30 seconds)
     a   b   c   d   e   f   g   h   i   j   k
   +---+---+---+---+---+---+---+---+---+---+---+
 1 |   |   |   |   |   |   |   |   |   |   |   |
   +---+---+---+---+---+---+---+---+---+---+---+
 2 |   |   |   |   |   |   |   |   |   |   |   |
   +---+---+---+---+---+---+---+---+---+---+---+
 3 |   |   |   |   |   |   |   |   |   |   |   |
   +---+---+---+---+---+---+---+---+---+---+---+
 4 |   |   |   | L |   |   |   |   |   | L |   |
   +---+---+---+---+---+---+---+---+---+---+---+
 5 |   |   |   |   |   |   |   |   |   | L |   |
   +---+---+---+---+---+---+---+---+---+---+---+
 6 |   |   |   |   | L | D | D | D |   |   |   |
   +---+---+---+---+---+---+---+---+---+---+---+
 7 |   |   |   |   |   |   | D |   |   |   |   |
   +---+---+---+---+---+---+---+---+---+---+---+
 8 |   |   |   |   |   | D |   | D |   |   |   |
   +---+---+---+---+---+---+---+---+---+---+---+
 9 |   |   |   |   | L |   |   |   | L |   |   |
   +---+---+---+---+---+---+---+---+---+---+---+
10 |   |   |   |   |   |   |   |   |   |   |   |
   +---+---+---+---+---+---+---+---+---+---+---+
11 |   |   |   |   |   |   |   |   |   |   |   |
   +---+---+---+---+---+---+---+---+---+---+---+
Move played: e6
Dark player (human) plays now
>      a   b   c   d   e   f   g   h   i   j   k
   +---+---+---+---+---+---+---+---+---+---+---+
 1 |   |   |   |   |   |   |   |   |   |   |   |
   +---+---+---+---+---+---+---+---+---+---+---+
 2 |   |   |   |   |   |   |   |   |   |   |   |
   +---+---+---+---+---+---+---+---+---+---+---+
 3 |   |   |   |   |   |   |   |   |   |   |   |
   +---+---+---+---+---+---+---+---+---+---+---+
 4 |   |   |   | L |   |   |   |   |   | L |   |
   +---+---+---+---+---+---+---+---+---+---+---+
 5 |   |   |   |   |   |   |   |   |   | L |   |
   +---+---+---+---+---+---+---+---+---+---+---+
 6 |   |   |   |   | L | D | D | D |   |   |   |
   +---+---+---+---+---+---+---+---+---+---+---+
 7 |   |   |   |   |   |   | D |   |   |   |   |
   +---+---+---+---+---+---+---+---+---+---+---+
 8 |   |   |   |   |   | D | D | D |   |   |   |
   +---+---+---+---+---+---+---+---+---+---+---+
 9 |   |   |   |   | L |   |   |   | L |   |   |
   +---+---+---+---+---+---+---+---+---+---+---+
10 |   |   |   |   |   |   |   |   |   |   |   |
   +---+---+---+---+---+---+---+---+---+---+---+
11 |   |   |   |   |   |   |   |   |   |   |   |
   +---+---+---+---+---+---+---+---+---+---+---+
Move played: g8
Light player (COM) plays now
Light player (COM) is calculating its next move... (this might take up to 30 seconds)
     a   b   c   d   e   f   g   h   i   j   k
   +---+---+---+---+---+---+---+---+---+---+---+
 1 |   |   |   |   |   |   |   |   |   |   |   |
   +---+---+---+---+---+---+---+---+---+---+---+
 2 |   |   |   |   |   |   |   |   |   |   |   |
   +---+---+---+---+---+---+---+---+---+---+---+
 3 |   |   |   |   |   |   |   |   |   |   |   |
   +---+---+---+---+---+---+---+---+---+---+---+
 4 |   |   |   | L |   |   |   |   |   | L |   |
   +---+---+---+---+---+---+---+---+---+---+---+
 5 |   |   |   |   |   |   |   |   |   | L |   |
   +---+---+---+---+---+---+---+---+---+---+---+
 6 |   |   |   |   | L | D | D | D |   | L |   |
   +---+---+---+---+---+---+---+---+---+---+---+
 7 |   |   |   |   |   |   | D |   |   |   |   |
   +---+---+---+---+---+---+---+---+---+---+---+
 8 |   |   |   |   |   | D | D | D |   |   |   |
   +---+---+---+---+---+---+---+---+---+---+---+
 9 |   |   |   |   | L |   |   |   | L |   |   |
   +---+---+---+---+---+---+---+---+---+---+---+
10 |   |   |   |   |   |   |   |   |   |   |   |
   +---+---+---+---+---+---+---+---+---+---+---+
11 |   |   |   |   |   |   |   |   |   |   |   |
   +---+---+---+---+---+---+---+---+---+---+---+
Move played: j6
Dark player (human) plays now
>      a   b   c   d   e   f   g   h   i   j   k
   +---+---+---+---+---+---+---+---+---+---+---+
 1 |   |   |   |   |   |   |   |   |   |   |   |
   +---+---+---+---+---+---+---+---+---+---+---+
 2 |   |   |   |   |   |   |   |   |   |   |   |
   +---+---+---+---+---+---+---+---+---+---+---+
 3 |   |   |   |   |   |   |   |   |   |   |   |
   +---+---+---+---+---+---+---+---+---+---+---+
 4 |   |   |   | L |   |   |   |   |   | L |   |
   +---+---+---+---+---+---+---+---+---+---+---+
 5 |   |   |   |   |   |   | D |   |   | L |   |
   +---+---+---+---+---+---+---+---+---+---+---+
 6 |   |   |   |   | L | D | D | D |   | L |   |
   +---+---+---+---+---+---+---+---+---+---+---+
 7 |   |   |   |   |   |   | D |   |   |   |   |
   +---+---+---+---+---+---+---+---+---+---+---+
 8 |   |   |   |   |   | D | D | D |   |   |   |
   +---+---+---+---+---+---+---+---+---+---+---+
 9 |   |   |   |   | L |   |   |   | L |   |   |
   +---+---+---+---+---+---+---+---+---+---+---+
10 |   |   |   |   |   |   |   |   |   |   |   |
   +---+---+---+---+---+---+---+---+---+---+---+
11 |   |   |   |   |   |   |   |   |   |   |   |
   +---+---+---+---+---+---+---+---+---+---+---+
Move played: g5
Light player (COM) plays now
Light player (COM) is calculating its next move... (this might take up to 30 seconds)
     a   b   c   d   e   f   g   h   i   j   k
   +---+---+---+---+---+---+---+---+---+---+---+
 1 |   |   |   |   |   |   |   |   |   |   |   |
   +---+---+---+---+---+---+---+---+---+---+---+
 2 |   |   |   |   |   |   |   |   |   |   |   |
   +---+---+---+---+---+---+---+---+---+---+---+
 3 |   |   |   |   |   |   |   |   |   |   |   |
   +---+---+---+---+---+---+---+---+---+---+---+
 4 |   |   |   | L |   |   |   |   |   | L |   |
   +---+---+---+---+---+---+---+---+---+---+---+
 5 |   |   |   |   |   |   | D |   |   | L |   |
   +---+---+---+---+---+---+---+---+---+---+---+
 6 |   |   |   |   | L | D | D | D |   | L |   |
   +---+---+---+---+---+---+---+---+---+---+---+
 7 |   |   |   |   |   |   | D |   |   |   |   |
   +---+---+---+---+---+---+---+---+---+---+---+
 8 | L |   |   |   |   | D | D | D |   |   |   |
   +---+---+---+---+---+---+---+---+---+---+---+
 9 |   |   |   |   | L |   |   |   | L |   |   |
   +---+---+---+---+---+---+---+---+---+---+---+
10 |   |   |   |   |   |   |   |   |   |   |   |
   +---+---+---+---+---+---+---+---+---+---+---+
11 |   |   |   |   |   |   |   |   |   |   |   |
   +---+---+---+---+---+---+---+---+---+---+---+
Move played: a8
